<?xml version="1.0" encoding="UTF-8"?>
<!-- Generated by org.testng.reporters.JUnitReportReporter -->
<testsuite hostname="DESKTOP-10F3EDE" failures="0" tests="3" name="TestCases.Cart_PageTest" time="13.738" errors="0" timestamp="2022-10-28T21:50:26 IST" skipped="0">
  <testcase classname="TestCases.Cart_PageTest" name="verifyCartPageUrlTitle" time="4.399"/>
  <system-out/>
  <testcase classname="TestCases.Cart_PageTest" name="verifyRemovProductsTest" time="4.651"/>
  <system-out/>
  <testcase classname="TestCases.Cart_PageTest" name="verifyCartPageTitleTest" time="4.688"/>
  <system-out/>
</testsuite> <!-- TestCases.Cart_PageTest -->
