<?xml version="1.0" encoding="UTF-8"?>
<!-- Generated by org.testng.reporters.JUnitReportReporter -->
<testsuite hostname="DESKTOP-10F3EDE" failures="0" tests="8" name="TestCases.LoginPageTest" time="34.212" errors="0" timestamp="2022-10-28T21:50:26 IST" skipped="0">
  <testcase classname="TestCases.LoginPageTest" name="verifyLoginByTextTest" time="6.591"/>
  <system-out/>
  <testcase classname="TestCases.LoginPageTest" name="verifyLoginByLogoTest" time="5.663"/>
  <system-out/>
  <testcase classname="TestCases.LoginPageTest" name="verifyAppUrlTest" time="3.549"/>
  <system-out/>
  <testcase classname="TestCases.LoginPageTest" name="verifyAppTitleTest" time="3.559"/>
  <system-out/>
  <testcase classname="TestCases.LoginPageTest" name="verifyAppTitleTest" time="3.554"/>
  <system-out/>
  <testcase classname="TestCases.LoginPageTest" name="verifySwagLabsLogoTest" time="3.553"/>
  <system-out/>
  <testcase classname="TestCases.LoginPageTest" name="verifyBigLogoTest" time="3.784"/>
  <system-out/>
  <testcase classname="TestCases.LoginPageTest" name="verifyLoginByUrlTest" time="3.959"/>
  <system-out/>
</testsuite> <!-- TestCases.LoginPageTest -->
