<?xml version="1.0" encoding="UTF-8"?>
<!-- Generated by org.testng.reporters.JUnitReportReporter -->
<testsuite hostname="DESKTOP-10F3EDE" failures="0" tests="2" name="TestCases.GroupTest" time="45.721" errors="0" timestamp="2022-10-30T14:45:28 IST" skipped="0">
  <testcase classname="TestCases.GroupTest" name="verifyLoginByUrlTest" time="4.610"/>
  <system-out/>
  <testcase classname="TestCases.GroupTest" name="verifyLoginByLogoTest" time="41.111"/>
  <system-out/>
</testsuite> <!-- TestCases.GroupTest -->
