<?xml version="1.0" encoding="UTF-8"?>
<!-- Generated by org.testng.reporters.JUnitReportReporter -->
<testsuite hostname="DESKTOP-10F3EDE" failures="0" tests="4" name="TestCases.CheckoutCompletePageTest" time="40.092" errors="0" timestamp="2022-10-28T21:50:26 IST" skipped="0">
  <testcase classname="TestCases.CheckoutCompletePageTest" name="verifyMessage1Test" time="9.448"/>
  <system-out/>
  <testcase classname="TestCases.CheckoutCompletePageTest" name="verifyMessage2Test" time="10.440"/>
  <system-out/>
  <testcase classname="TestCases.CheckoutCompletePageTest" name="verifyLogOut" time="9.973"/>
  <system-out/>
  <testcase classname="TestCases.CheckoutCompletePageTest" name="verifyPonyLogoTest" time="10.231"/>
  <system-out/>
</testsuite> <!-- TestCases.CheckoutCompletePageTest -->
