<?xml version="1.0" encoding="UTF-8"?>
<!-- Generated by org.testng.reporters.JUnitReportReporter -->
<testsuite hostname="DESKTOP-10F3EDE" failures="0" tests="1" name="TestCases.ChechoutCompletePageTest" time="13.111" errors="0" timestamp="2022-10-28T19:19:41 IST" skipped="0">
  <testcase classname="TestCases.ChechoutCompletePageTest" name="demo" time="13.111"/>
  <system-out/>
</testsuite> <!-- TestCases.ChechoutCompletePageTest -->
