<?xml version="1.0" encoding="UTF-8"?>
<!-- Generated by org.testng.reporters.JUnitReportReporter -->
<testsuite hostname="DESKTOP-10F3EDE" failures="0" tests="3" name="TestCases.ChechoutOverviewPageTest" time="28.753" errors="0" timestamp="2022-10-28T21:50:26 IST" skipped="0">
  <testcase classname="TestCases.ChechoutOverviewPageTest" name="verifyTotalOfTransactionTest" time="9.348"/>
  <system-out/>
  <testcase classname="TestCases.ChechoutOverviewPageTest" name="verifyPaymentInfoTest" time="9.569"/>
  <system-out/>
  <testcase classname="TestCases.ChechoutOverviewPageTest" name="verifyShippingInfoTest" time="9.836"/>
  <system-out/>
</testsuite> <!-- TestCases.ChechoutOverviewPageTest -->
