<?xml version="1.0" encoding="UTF-8"?>
<!-- Generated by org.testng.reporters.JUnitReportReporter -->
<testsuite hostname="DESKTOP-10F3EDE" failures="0" tests="2" name="TestCases.CheckOutPageTest" time="18.354" errors="0" timestamp="2022-10-28T21:50:26 IST" skipped="0">
  <testcase classname="TestCases.CheckOutPageTest" name="checkContinueBotton" time="13.974"/>
  <system-out/>
  <testcase classname="TestCases.CheckOutPageTest" name="verifyTitleTest" time="4.380"/>
  <system-out/>
</testsuite> <!-- TestCases.CheckOutPageTest -->
