<?xml version="1.0" encoding="UTF-8"?>
<!-- Generated by org.testng.reporters.JUnitReportReporter -->
<testsuite hostname="DESKTOP-10F3EDE" failures="0" tests="7" name="TestCases.FailedTestCases" time="23.747" errors="0" timestamp="2022-10-27T16:14:29 IST" skipped="1">
  <testcase classname="TestCases.FailedTestCases" name="verifyAppTitleTest" time="4.512"/>
  <system-out/>
  <testcase classname="TestCases.FailedTestCases" name="verifyLoginByTextTest" time="6.452"/>
  <system-out/>
  <testcase classname="TestCases.FailedTestCases" name="verifyAppUrlTest" time="3.334"/>
  <system-out/>
  <testcase classname="TestCases.FailedTestCases" name="verifySwagLabsLogoTest" time="3.117"/>
  <system-out/>
  <testcase classname="TestCases.FailedTestCases" name="verifyBigLogoTest" time="2.926"/>
  <system-out/>
  <testcase classname="TestCases.FailedTestCases" name="verifyLoginByUrlTest" time="3.406"/>
  <system-out/>
  <testcase classname="TestCases.FailedTestCases" name="verifyLoginByLogoTest">
    <skipped/>
  </testcase> <!-- verifyLoginByLogoTest -->
  <system-out/>
</testsuite> <!-- TestCases.FailedTestCases -->
