<?xml version="1.0" encoding="UTF-8"?>
<!-- Generated by org.testng.reporters.JUnitReportReporter -->
<testsuite hostname="DESKTOP-10F3EDE" failures="0" tests="3" name="TestCases.InventoryPageTest" time="17.383" errors="0" timestamp="2022-10-28T21:50:26 IST" skipped="0">
  <testcase classname="TestCases.InventoryPageTest" name="verifyUrlTest" time="3.731"/>
  <system-out/>
  <testcase classname="TestCases.InventoryPageTest" name="verifyRemoveProductTest" time="7.373"/>
  <system-out/>
  <testcase classname="TestCases.InventoryPageTest" name="verifyAddProductTest" time="6.279"/>
  <system-out/>
</testsuite> <!-- TestCases.InventoryPageTest -->
